<?xml version="1.0" encoding="UTF-8"?>
<!-- Generated by org.testng.reporters.JUnitReportReporter -->
<testsuite hostname="DESKTOP-221E89J" failures="0" tests="1" name="com.sdet.TC_Login" time="10.349" errors="0" timestamp="2023-10-26T17:12:46 IST" skipped="0">
  <testcase classname="com.sdet.TC_Login" name="login_Test" time="10.349"/>
</testsuite> <!-- com.sdet.TC_Login -->
